2014-03-06 08:43:08  内容有屏蔽字  短信内容：622 
2014-03-10 01:40:56  网络故障短信发送失败 
2014-03-12 12:13:49  内容有屏蔽字  短信内容：622 
2014-03-15 16:22:13  内容有屏蔽字  短信内容：622 
2014-03-28 12:56:00  网络故障短信发送失败 
2014-03-28 12:56:05  网络故障短信发送失败 
2014-03-28 12:56:17  网络故障短信发送失败 
2014-03-28 12:56:18  网络故障短信发送失败 
2014-03-28 12:56:20  网络故障短信发送失败 
2014-03-28 12:56:20  网络故障短信发送失败 
2014-03-28 12:56:20  网络故障短信发送失败 
2014-03-28 12:56:21  网络故障短信发送失败 
2014-03-28 12:56:25  网络故障短信发送失败 
2014-03-28 12:56:29  网络故障短信发送失败 
2014-03-28 12:58:22  网络故障短信发送失败 
2014-03-28 12:58:43  网络故障短信发送失败 
2014-03-28 12:58:46  网络故障短信发送失败 
2014-03-28 12:58:50  网络故障短信发送失败 
2014-03-28 12:59:49  网络故障短信发送失败 
2014-03-28 13:20:23  网络故障短信发送失败 
2014-03-28 13:21:01  网络故障短信发送失败 
2014-03-28 13:21:29  网络故障短信发送失败 
2014-03-28 13:21:31  网络故障短信发送失败 
2014-03-28 13:21:31  网络故障短信发送失败 
2014-03-28 13:21:41  网络故障短信发送失败 
2014-03-28 13:21:59  网络故障短信发送失败 
2014-03-28 13:22:02  网络故障短信发送失败 
2014-03-28 13:22:02  网络故障短信发送失败 
2014-03-28 13:22:03  网络故障短信发送失败 
2014-03-28 14:12:04  网络故障短信发送失败 
2014-03-28 14:12:32  网络故障短信发送失败 
2014-03-28 14:13:07  网络故障短信发送失败 
2014-06-19 17:24:02  余额不足 
2014-06-20 08:46:03  鉴权失败 
2014-06-20 08:47:13  鉴权失败 
2014-06-20 08:47:20  鉴权失败 
2014-06-20 08:47:22  鉴权失败 
2014-06-20 08:47:22  鉴权失败 
2014-06-20 08:47:46  鉴权失败 
2014-06-20 08:47:47  鉴权失败 
2014-06-20 08:47:49  鉴权失败 
2014-06-20 08:47:50  鉴权失败 
2014-06-20 08:48:24  鉴权失败 
2014-06-20 08:49:26  鉴权失败 
2014-06-20 08:49:56  鉴权失败 
2014-06-20 08:49:57  鉴权失败 
2014-06-20 08:49:58  鉴权失败 
2014-06-20 08:49:58  鉴权失败 
2014-06-20 08:49:59  鉴权失败 
2014-06-20 08:50:00  鉴权失败 
2014-06-20 08:50:03  鉴权失败 
2014-06-20 08:50:03  鉴权失败 
2014-06-20 08:50:04  鉴权失败 
2014-06-20 08:50:05  鉴权失败 
2014-06-20 08:50:05  鉴权失败 
2014-06-20 09:02:20  鉴权失败 
2014-06-20 09:03:27  鉴权失败 
2014-06-20 09:05:48  鉴权失败 
2014-06-20 09:06:22  鉴权失败 
2014-06-20 09:07:17  鉴权失败 
2014-06-20 09:08:48  鉴权失败 
2014-06-24 11:24:12  网络故障短信发送失败 
2014-06-24 11:26:38  网络故障短信发送失败 
2014-06-24 11:29:07  网络故障短信发送失败 
2014-06-24 11:29:30  网络故障短信发送失败 
2014-06-24 11:29:51  网络故障短信发送失败 
2014-06-27 12:31:07  余额不足 
2014-06-27 12:31:28  余额不足 
2014-06-27 12:41:00  余额不足 
2014-07-07 10:17:21  服务器接受失败 
2014-07-08 15:19:01  网络故障短信发送失败 
2014-07-15 11:13:50  网络故障短信发送失败 
2014-07-15 11:14:13  网络故障短信发送失败 
2014-07-15 11:14:41  网络故障短信发送失败 
2014-07-15 12:02:35  网络故障短信发送失败 
2014-07-15 12:02:58  网络故障短信发送失败 
2014-07-15 12:03:04  网络故障短信发送失败 
2014-07-17 17:40:19  网络故障短信发送失败 
2014-07-17 18:36:24  网络故障短信发送失败 
2014-07-17 18:46:58  网络故障短信发送失败 
2014-07-18 03:13:20  网络故障短信发送失败 
2014-07-18 09:10:04  网络故障短信发送失败 
2014-07-18 09:12:52  网络故障短信发送失败 
2014-07-18 09:13:48  网络故障短信发送失败 
2014-07-18 09:24:00  网络故障短信发送失败 
2014-07-18 09:27:16  网络故障短信发送失败 
2014-07-18 09:27:38  网络故障短信发送失败 
2014-07-18 09:28:10  网络故障短信发送失败 
2014-07-18 09:29:35  网络故障短信发送失败 
2014-07-21 16:05:27  网络故障短信发送失败 
2014-07-21 16:13:20  网络故障短信发送失败 
2014-07-21 16:14:37  网络故障短信发送失败 
2014-07-21 16:14:56  网络故障短信发送失败 
2014-07-21 16:31:18  网络故障短信发送失败 
2014-07-31 22:19:50  鉴权失败 
2014-07-31 22:19:50  鉴权失败 
2014-12-23 15:50:05  网络故障短信发送失败 
2014-12-23 15:50:33  网络故障短信发送失败 
2015-01-08 13:58:00  服务器接受失败 
2015-01-08 16:00:37  服务器接受失败 
2015-01-08 16:03:19  服务器接受失败 
2015-01-08 16:07:25  服务器接受失败 
2015-01-08 16:27:59  服务器接受失败 
2015-01-10 10:18:16  服务器接受失败 
2015-01-10 14:07:13  服务器接受失败 
2015-01-12 09:38:34  服务器接受失败 
2015-01-12 09:41:38  服务器接受失败 
2015-01-12 09:47:26  服务器接受失败 
2015-01-12 09:50:19  服务器接受失败 
2015-01-12 10:56:25  服务器接受失败 
2015-01-12 11:02:04  服务器接受失败 
2015-01-12 11:40:58  服务器接受失败 
2015-01-12 16:44:49  服务器接受失败 
2015-01-12 17:00:04  服务器接受失败 
2015-01-13 10:30:31  服务器接受失败 
2015-01-13 16:14:27  服务器接受失败 
2015-01-14 09:17:15  服务器接受失败 
2015-01-15 16:33:13  服务器接受失败 
2015-01-16 14:51:12  服务器接受失败 
2015-01-19 10:52:49  服务器接受失败 
2015-01-20 14:50:27  服务器接受失败 
2015-02-15 14:31:02  服务器接受失败 
2015-03-02 16:32:41  服务器接受失败 
2015-03-03 19:34:56  服务器接受失败 
2015-03-03 19:49:26  服务器接受失败 
2015-03-03 20:00:28  服务器接受失败 
2015-03-03 20:18:29  网络故障短信发送失败 
2015-03-03 20:19:54  网络故障短信发送失败 
2015-03-04 13:14:46  服务器接受失败 
2015-03-04 14:03:47  服务器接受失败 
2015-03-04 14:10:20  服务器接受失败 
2015-03-04 21:30:04  服务器接受失败 
2015-03-05 17:21:01  服务器接受失败 
2015-03-06 15:26:27  服务器接受失败 
2015-03-06 15:35:46  号码,内容等为空或内容长度超过210字符 
2015-03-06 15:37:06  服务器接受失败 
2015-03-09 09:22:44  服务器接受失败 
2015-03-09 09:47:06  服务器接受失败 
2015-03-09 16:26:32  服务器接受失败 
2015-03-10 09:22:12  服务器接受失败 
2015-03-11 23:35:28  网络故障短信发送失败 
2015-03-12 00:22:15  网络故障短信发送失败 
2015-03-12 04:12:39  网络故障短信发送失败 
2015-03-12 14:25:02  网络故障短信发送失败 
2015-03-12 14:25:08  网络故障短信发送失败 
2015-03-12 14:25:14  网络故障短信发送失败 
2015-03-17 13:07:14  网络故障短信发送失败 
2015-03-18 14:54:55  网络故障短信发送失败 
2015-03-19 14:44:03  服务器接受失败 
2015-03-19 14:57:50  服务器接受失败 
2015-03-19 14:59:50  服务器接受失败 
2015-03-19 15:50:42  服务器接受失败 
2015-03-19 16:08:13  服务器接受失败 
2015-03-19 16:15:43  服务器接受失败 
2015-03-19 16:16:14  网络故障短信发送失败 
2015-03-19 16:18:49  服务器接受失败 
2015-03-19 16:19:16  服务器接受失败 
2015-03-19 16:20:36  服务器接受失败 
2015-03-19 16:29:49  服务器接受失败 
2015-03-19 16:34:08  服务器接受失败 
2015-03-19 16:38:27  网络故障短信发送失败 
2015-03-19 16:39:25  服务器接受失败 
2015-03-19 16:41:49  服务器接受失败 
2015-03-19 16:43:06  服务器接受失败 
2015-03-19 16:44:35  服务器接受失败 
2015-03-19 16:47:31  服务器接受失败 
2015-03-19 16:48:29  服务器接受失败 
2015-03-19 16:48:42  服务器接受失败 
2015-03-19 16:52:16  服务器接受失败 
2015-03-19 17:02:17  服务器接受失败 
2015-03-19 17:09:11  服务器接受失败 
2015-03-19 17:09:40  网络故障短信发送失败 
2015-03-19 17:12:03  服务器接受失败 
2015-03-19 17:25:51  服务器接受失败 
2015-03-19 18:08:00  网络故障短信发送失败 
2015-03-19 18:18:49  服务器接受失败 
2015-03-19 18:33:40  服务器接受失败 
2015-03-20 09:00:11  服务器接受失败 
2015-03-20 09:14:20  服务器接受失败 
2015-03-20 09:22:33  服务器接受失败 
2015-03-20 09:27:38  网络故障短信发送失败 
2015-03-20 09:49:45  服务器接受失败 
2015-03-20 10:15:31  服务器接受失败 
2015-03-20 11:17:18  网络故障短信发送失败 
2015-03-20 11:42:58  服务器接受失败 
2015-03-20 12:00:07  网络故障短信发送失败 
2015-03-20 12:01:09  网络故障短信发送失败 
2015-03-20 12:01:30  网络故障短信发送失败 
2015-03-20 12:09:03  网络故障短信发送失败 
2015-03-20 12:09:34  网络故障短信发送失败 
2015-03-20 12:11:02  网络故障短信发送失败 
2015-03-20 12:11:39  网络故障短信发送失败 
2015-03-20 13:51:11  网络故障短信发送失败 
2015-03-20 14:29:54  服务器接受失败 
2015-03-20 14:33:47  服务器接受失败 
2015-03-20 15:14:48  网络故障短信发送失败 
2015-03-20 15:30:22  服务器接受失败 
2015-03-20 15:32:16  服务器接受失败 
2015-03-20 15:36:26  服务器接受失败 
2015-03-20 15:36:31  服务器接受失败 
2015-03-20 15:39:09  网络故障短信发送失败 
2015-03-20 15:51:49  服务器接受失败 
2015-03-20 16:00:08  服务器接受失败 
2015-03-20 18:32:26  网络故障短信发送失败 
2015-03-21 09:59:06  服务器接受失败 
2015-03-21 10:19:39  服务器接受失败 
2015-03-21 10:52:06  服务器接受失败 
2015-03-21 10:54:17  网络故障短信发送失败 
2015-03-21 10:55:16  网络故障短信发送失败 
2015-03-21 11:24:25  服务器接受失败 
2015-03-21 12:52:09  服务器接受失败 
2015-03-21 13:02:55  服务器接受失败 
2015-03-21 13:10:46  服务器接受失败 
2015-03-21 13:13:39  服务器接受失败 
2015-03-21 13:35:11  服务器接受失败 
2015-03-21 13:41:59  服务器接受失败 
2015-03-21 14:02:02  网络故障短信发送失败 
2015-03-21 14:03:47  网络故障短信发送失败 
2015-03-21 14:07:30  网络故障短信发送失败 
2015-03-21 18:49:57  网络故障短信发送失败 
2015-03-22 09:51:05  网络故障短信发送失败 
2015-03-25 16:19:00  网络故障短信发送失败 
2015-03-25 16:21:02  网络故障短信发送失败 
2015-03-25 16:31:11  网络故障短信发送失败 
2015-03-27 16:59:46  短信发送失败 
2015-04-06 08:44:44  短信发送失败 
2015-04-09 10:12:38  短信发送失败 
2015-04-09 17:15:43  短信发送失败 
2015-04-13 11:09:51  短信发送失败 
2015-04-15 10:15:24  账户被停用 
2015-04-15 10:25:50  账户被停用 
2015-04-15 10:34:22  账户被停用 
2015-04-15 10:40:03  账户被停用 
2015-04-15 10:49:36  账户被停用 
2015-04-22 09:33:09  短信发送失败 
2015-05-04 15:40:19  短信发送失败 
2015-05-04 15:46:18  短信发送失败 
2015-05-08 14:48:16  短信发送失败 
2015-07-31 09:23:29  短信发送失败 
2015-07-31 09:23:36  短信发送失败 
2015-07-31 09:23:37  短信发送失败 
2015-07-31 09:23:37  短信发送失败 
